  winfnt.c
  type42.c
  type1.c
  truetype.c
  smooth.c
  sfnt.c
  raster.c
  psmodule.c
  pshinter.c
  psaux.c
  pfr.c
  pcf.c
  ftlzw.c
  ftgzip.c
  type1cid.c
  cff.c
  ftcache.c
  bdf.c
  ftxf86.c
  ftwinfnt.c
  Generating Code...
  Compiling...
  fttype1.c
  ftsystem.c
  ftsynth.c
  ftstroke.c
  ftpfr.c
  ftpatent.c
  ftotval.c
  ftmm.c
  ftlcdfil.c
i:\dev\gene\dependencies\freetype\src\base\ftlcdfil.c(79): warning C4146: unary minus operator applied to unsigned type, result still unsigned
i:\dev\gene\dependencies\freetype\src\base\ftlcdfil.c(88): warning C4146: unary minus operator applied to unsigned type, result still unsigned
i:\dev\gene\dependencies\freetype\src\base\ftlcdfil.c(92): warning C4146: unary minus operator applied to unsigned type, result still unsigned
i:\dev\gene\dependencies\freetype\src\base\ftlcdfil.c(140): warning C4146: unary minus operator applied to unsigned type, result still unsigned
i:\dev\gene\dependencies\freetype\src\base\ftlcdfil.c(150): warning C4146: unary minus operator applied to unsigned type, result still unsigned
i:\dev\gene\dependencies\freetype\src\base\ftlcdfil.c(154): warning C4146: unary minus operator applied to unsigned type, result still unsigned
  ftinit.c
  ftgxval.c
  ftglyph.c
  ftgasp.c
  ftfstype.c
  ftdebug.c
  ftbitmap.c
  ftbbox.c
  ftbase.c
  autofit.c
  Generating Code...
  FreeType.vcxproj -> I:\Dev\Gene\Dependencies\FreeType\Output\Binaries\GFreeType.dll
  FreeType.vcxproj -> I:\Dev\Gene\Dependencies\FreeType\Output\Binaries\GFreeType.pdb (Partial PDB)
