i:\dev\gene\dependencies\freetype\output\objectfiles\freetype-gl.pdb
i:\dev\gene\dependencies\freetype\output\objectfiles\freetype-gl.idb
i:\dev\gene\dependencies\freetype\output\objectfiles\ftwinfnt.obj
i:\dev\gene\dependencies\freetype\output\objectfiles\ftxf86.obj
i:\dev\gene\dependencies\freetype\output\objectfiles\bdf.obj
i:\dev\gene\dependencies\freetype\output\objectfiles\ftcache.obj
i:\dev\gene\dependencies\freetype\output\objectfiles\cff.obj
i:\dev\gene\dependencies\freetype\output\objectfiles\type1cid.obj
i:\dev\gene\dependencies\freetype\output\objectfiles\ftgzip.obj
i:\dev\gene\dependencies\freetype\output\objectfiles\ftlzw.obj
i:\dev\gene\dependencies\freetype\output\objectfiles\pcf.obj
i:\dev\gene\dependencies\freetype\output\objectfiles\pfr.obj
i:\dev\gene\dependencies\freetype\output\objectfiles\psaux.obj
i:\dev\gene\dependencies\freetype\output\objectfiles\pshinter.obj
i:\dev\gene\dependencies\freetype\output\objectfiles\psmodule.obj
i:\dev\gene\dependencies\freetype\output\objectfiles\raster.obj
i:\dev\gene\dependencies\freetype\output\objectfiles\sfnt.obj
i:\dev\gene\dependencies\freetype\output\objectfiles\smooth.obj
i:\dev\gene\dependencies\freetype\output\objectfiles\truetype.obj
i:\dev\gene\dependencies\freetype\output\objectfiles\type1.obj
i:\dev\gene\dependencies\freetype\output\objectfiles\type42.obj
i:\dev\gene\dependencies\freetype\output\objectfiles\winfnt.obj
i:\dev\gene\dependencies\freetype\output\objectfiles\autofit.obj
i:\dev\gene\dependencies\freetype\output\objectfiles\ftbase.obj
i:\dev\gene\dependencies\freetype\output\objectfiles\ftbbox.obj
i:\dev\gene\dependencies\freetype\output\objectfiles\ftbitmap.obj
i:\dev\gene\dependencies\freetype\output\objectfiles\ftdebug.obj
i:\dev\gene\dependencies\freetype\output\objectfiles\ftfstype.obj
i:\dev\gene\dependencies\freetype\output\objectfiles\ftgasp.obj
i:\dev\gene\dependencies\freetype\output\objectfiles\ftglyph.obj
i:\dev\gene\dependencies\freetype\output\objectfiles\ftgxval.obj
i:\dev\gene\dependencies\freetype\output\objectfiles\ftinit.obj
i:\dev\gene\dependencies\freetype\output\objectfiles\ftlcdfil.obj
i:\dev\gene\dependencies\freetype\output\objectfiles\ftmm.obj
i:\dev\gene\dependencies\freetype\output\objectfiles\ftotval.obj
i:\dev\gene\dependencies\freetype\output\objectfiles\ftpatent.obj
i:\dev\gene\dependencies\freetype\output\objectfiles\ftpfr.obj
i:\dev\gene\dependencies\freetype\output\objectfiles\ftstroke.obj
i:\dev\gene\dependencies\freetype\output\objectfiles\ftsynth.obj
i:\dev\gene\dependencies\freetype\output\objectfiles\ftsystem.obj
i:\dev\gene\dependencies\freetype\output\objectfiles\fttype1.obj
i:\dev\gene\dependencies\freetype\output\binaries\freetype.dll.ilk
i:\dev\gene\dependencies\freetype\output\binaries\freetype.dll.dll
i:\dev\gene\dependencies\freetype\output\binaries\freetype.dll.pdb
i:\dev\gene\dependencies\freetype\output\objectfiles\freetype.tlog\cl.command.1.tlog
i:\dev\gene\dependencies\freetype\output\objectfiles\freetype.tlog\cl.read.1.tlog
i:\dev\gene\dependencies\freetype\output\objectfiles\freetype.tlog\cl.write.1.tlog
i:\dev\gene\dependencies\freetype\output\objectfiles\freetype.tlog\link.command.1.tlog
i:\dev\gene\dependencies\freetype\output\objectfiles\freetype.tlog\link.read.1.tlog
i:\dev\gene\dependencies\freetype\output\objectfiles\freetype.tlog\link.write.1.tlog
